{"/home/ivani/projects/ChitChatProject/client/src/components/App/App.js": {"path":"/home/ivani/projects/ChitChatProject/client/src/components/App/App.js","statementMap":{"0":{"start":{"line":15,"column":4},"end":{"line":31,"column":5}}},"fnMap":{"0":{"name":"App","decl":{"start":{"line":14,"column":16},"end":{"line":14,"column":19}},"loc":{"start":{"line":14,"column":21},"end":{"line":32,"column":1}},"line":14}},"branchMap":{},"s":{"0":1},"f":{"0":1},"b":{},"_coverageSchema":"1a1c01bbd47fc00a2c39e90264f33305004495a9","hash":"5e33139a9b242192e643218c0959ceb3e391e50e"}
,"/home/ivani/projects/ChitChatProject/client/src/components/ChatWindow/ChatWindow.js": {"path":"/home/ivani/projects/ChitChatProject/client/src/components/ChatWindow/ChatWindow.js","statementMap":{"0":{"start":{"line":4,"column":4},"end":{"line":18,"column":6}}},"fnMap":{"0":{"name":"ChatWindow","decl":{"start":{"line":3,"column":16},"end":{"line":3,"column":26}},"loc":{"start":{"line":3,"column":30},"end":{"line":19,"column":1}},"line":3}},"branchMap":{},"s":{"0":1},"f":{"0":1},"b":{},"_coverageSchema":"1a1c01bbd47fc00a2c39e90264f33305004495a9","hash":"d8e639e15b41a2c24fc30bce1e10709590949341"}
,"/home/ivani/projects/ChitChatProject/client/src/components/Home/Home.js": {"path":"/home/ivani/projects/ChitChatProject/client/src/components/Home/Home.js","statementMap":{"0":{"start":{"line":8,"column":4},"end":{"line":14,"column":5}}},"fnMap":{"0":{"name":"Home","decl":{"start":{"line":7,"column":16},"end":{"line":7,"column":20}},"loc":{"start":{"line":7,"column":22},"end":{"line":15,"column":1}},"line":7}},"branchMap":{},"s":{"0":1},"f":{"0":1},"b":{},"_coverageSchema":"1a1c01bbd47fc00a2c39e90264f33305004495a9","hash":"8e600aaf25ae45dd279fb517cf0be4a71d3e756c"}
,"/home/ivani/projects/ChitChatProject/client/src/components/MyProfile/MyProfile.js": {"path":"/home/ivani/projects/ChitChatProject/client/src/components/MyProfile/MyProfile.js","statementMap":{"0":{"start":{"line":4,"column":4},"end":{"line":24,"column":6}}},"fnMap":{"0":{"name":"MyProfile","decl":{"start":{"line":3,"column":16},"end":{"line":3,"column":25}},"loc":{"start":{"line":3,"column":29},"end":{"line":25,"column":1}},"line":3}},"branchMap":{},"s":{"0":1},"f":{"0":1},"b":{},"_coverageSchema":"1a1c01bbd47fc00a2c39e90264f33305004495a9","hash":"3fdcdc4e32bd9c71fed77bfe12a65bb0e69976a2"}
,"/home/ivani/projects/ChitChatProject/client/src/components/PageNavigation/PageNavigation.js": {"path":"/home/ivani/projects/ChitChatProject/client/src/components/PageNavigation/PageNavigation.js","statementMap":{"0":{"start":{"line":5,"column":4},"end":{"line":14,"column":6}}},"fnMap":{"0":{"name":"PageNavigation","decl":{"start":{"line":4,"column":16},"end":{"line":4,"column":30}},"loc":{"start":{"line":4,"column":33},"end":{"line":15,"column":1}},"line":4}},"branchMap":{},"s":{"0":1},"f":{"0":1},"b":{},"_coverageSchema":"1a1c01bbd47fc00a2c39e90264f33305004495a9","hash":"8564baa8b8a61f66365ce4caf405c305eaa5656c"}
,"/home/ivani/projects/ChitChatProject/client/src/components/Profile/Profile.js": {"path":"/home/ivani/projects/ChitChatProject/client/src/components/Profile/Profile.js","statementMap":{"0":{"start":{"line":4,"column":4},"end":{"line":24,"column":6}}},"fnMap":{"0":{"name":"Profile","decl":{"start":{"line":3,"column":16},"end":{"line":3,"column":23}},"loc":{"start":{"line":3,"column":27},"end":{"line":25,"column":1}},"line":3}},"branchMap":{},"s":{"0":1},"f":{"0":1},"b":{},"_coverageSchema":"1a1c01bbd47fc00a2c39e90264f33305004495a9","hash":"1824c068bd1c627de09a858199b2f763ba2f35aa"}
,"/home/ivani/projects/ChitChatProject/client/src/components/ProfileEdit/ProfileEdit.js": {"path":"/home/ivani/projects/ChitChatProject/client/src/components/ProfileEdit/ProfileEdit.js","statementMap":{"0":{"start":{"line":4,"column":4},"end":{"line":121,"column":5}}},"fnMap":{"0":{"name":"ProfileEdit","decl":{"start":{"line":3,"column":16},"end":{"line":3,"column":27}},"loc":{"start":{"line":3,"column":29},"end":{"line":122,"column":1}},"line":3}},"branchMap":{},"s":{"0":1},"f":{"0":1},"b":{},"_coverageSchema":"1a1c01bbd47fc00a2c39e90264f33305004495a9","hash":"b193dd254ae49bf3a9d6818e1696168286c1cc7f"}
,"/home/ivani/projects/ChitChatProject/client/src/components/RegisterAccount/RegisterAccount.js": {"path":"/home/ivani/projects/ChitChatProject/client/src/components/RegisterAccount/RegisterAccount.js","statementMap":{"0":{"start":{"line":16,"column":8},"end":{"line":16,"column":21}},"1":{"start":{"line":18,"column":4},"end":{"line":56,"column":5}}},"fnMap":{"0":{"name":"RegisterAccount","decl":{"start":{"line":6,"column":16},"end":{"line":6,"column":31}},"loc":{"start":{"line":6,"column":33},"end":{"line":57,"column":1}},"line":6}},"branchMap":{"0":{"loc":{"start":{"line":34,"column":17},"end":{"line":34,"column":65}},"type":"binary-expr","locations":[{"start":{"line":34,"column":17},"end":{"line":34,"column":28}},{"start":{"line":34,"column":32},"end":{"line":34,"column":65}}],"line":34},"1":{"loc":{"start":{"line":47,"column":17},"end":{"line":47,"column":50}},"type":"binary-expr","locations":[{"start":{"line":47,"column":17},"end":{"line":47,"column":33}},{"start":{"line":47,"column":37},"end":{"line":47,"column":50}}],"line":47}},"s":{"0":1,"1":1},"f":{"0":1},"b":{"0":[1,0],"1":[1,0]},"_coverageSchema":"1a1c01bbd47fc00a2c39e90264f33305004495a9","hash":"7ca485e77241635509e9d2705fa9847e42974652"}
,"/home/ivani/projects/ChitChatProject/client/src/components/RegisterAccount/hooks.js": {"path":"/home/ivani/projects/ChitChatProject/client/src/components/RegisterAccount/hooks.js","statementMap":{"0":{"start":{"line":8,"column":8},"end":{"line":8,"column":27}},"1":{"start":{"line":14,"column":8},"end":{"line":14,"column":40}},"2":{"start":{"line":19,"column":8},"end":{"line":19,"column":40}},"3":{"start":{"line":21,"column":4},"end":{"line":29,"column":5}},"4":{"start":{"line":33,"column":50},"end":{"line":33,"column":64}},"5":{"start":{"line":37,"column":8},"end":{"line":37,"column":71}},"6":{"start":{"line":40,"column":8},"end":{"line":40,"column":33}},"7":{"start":{"line":44,"column":8},"end":{"line":50,"column":9}},"8":{"start":{"line":45,"column":12},"end":{"line":45,"column":36}},"9":{"start":{"line":49,"column":10},"end":{"line":49,"column":22}},"10":{"start":{"line":54,"column":8},"end":{"line":57,"column":9}},"11":{"start":{"line":55,"column":10},"end":{"line":55,"column":22}},"12":{"start":{"line":56,"column":10},"end":{"line":56,"column":33}},"13":{"start":{"line":59,"column":6},"end":{"line":63,"column":7}},"14":{"start":{"line":66,"column":28},"end":{"line":73,"column":1}},"15":{"start":{"line":76,"column":36},"end":{"line":76,"column":58}},"16":{"start":{"line":79,"column":19},"end":{"line":79,"column":34}},"17":{"start":{"line":80,"column":22},"end":{"line":80,"column":40}},"18":{"start":{"line":81,"column":25},"end":{"line":81,"column":38}},"19":{"start":{"line":82,"column":8},"end":{"line":82,"column":29}},"20":{"start":{"line":83,"column":8},"end":{"line":83,"column":30}},"21":{"start":{"line":86,"column":4},"end":{"line":86,"column":38}},"22":{"start":{"line":92,"column":32},"end":{"line":92,"column":44}},"23":{"start":{"line":95,"column":8},"end":{"line":95,"column":31}},"24":{"start":{"line":96,"column":21},"end":{"line":96,"column":46}},"25":{"start":{"line":97,"column":8},"end":{"line":103,"column":9}},"26":{"start":{"line":98,"column":12},"end":{"line":101,"column":15}},"27":{"start":{"line":102,"column":12},"end":{"line":102,"column":19}},"28":{"start":{"line":104,"column":8},"end":{"line":110,"column":9}},"29":{"start":{"line":105,"column":12},"end":{"line":108,"column":15}},"30":{"start":{"line":109,"column":12},"end":{"line":109,"column":19}},"31":{"start":{"line":111,"column":26},"end":{"line":111,"column":37}},"32":{"start":{"line":112,"column":8},"end":{"line":112,"column":42}},"33":{"start":{"line":113,"column":8},"end":{"line":113,"column":29}},"34":{"start":{"line":115,"column":4},"end":{"line":115,"column":45}}},"fnMap":{"0":{"name":"useAllHooks","decl":{"start":{"line":4,"column":16},"end":{"line":4,"column":27}},"loc":{"start":{"line":4,"column":30},"end":{"line":30,"column":1}},"line":4},"1":{"name":"useManagePasswordMatch","decl":{"start":{"line":32,"column":16},"end":{"line":32,"column":38}},"loc":{"start":{"line":32,"column":49},"end":{"line":64,"column":1}},"line":32},"2":{"name":"checkIfPasswordMatch","decl":{"start":{"line":35,"column":13},"end":{"line":35,"column":33}},"loc":{"start":{"line":35,"column":35},"end":{"line":38,"column":5}},"line":35},"3":{"name":"showError","decl":{"start":{"line":39,"column":13},"end":{"line":39,"column":22}},"loc":{"start":{"line":39,"column":24},"end":{"line":41,"column":5}},"line":39},"4":{"name":"inputRepeatedPassword","decl":{"start":{"line":42,"column":13},"end":{"line":42,"column":34}},"loc":{"start":{"line":42,"column":37},"end":{"line":51,"column":7}},"line":42},"5":{"name":"submitForm","decl":{"start":{"line":52,"column":15},"end":{"line":52,"column":25}},"loc":{"start":{"line":52,"column":33},"end":{"line":58,"column":7}},"line":52},"6":{"name":"useManageFormData","decl":{"start":{"line":74,"column":16},"end":{"line":74,"column":33}},"loc":{"start":{"line":74,"column":35},"end":{"line":87,"column":1}},"line":74},"7":{"name":"onChangeHandler","decl":{"start":{"line":78,"column":13},"end":{"line":78,"column":28}},"loc":{"start":{"line":78,"column":35},"end":{"line":84,"column":5}},"line":78},"8":{"name":"useManageErrors","decl":{"start":{"line":90,"column":16},"end":{"line":90,"column":31}},"loc":{"start":{"line":90,"column":48},"end":{"line":117,"column":1}},"line":90},"9":{"name":"onBirthDateChangeHandler","decl":{"start":{"line":94,"column":13},"end":{"line":94,"column":37}},"loc":{"start":{"line":94,"column":45},"end":{"line":114,"column":5}},"line":94}},"branchMap":{"0":{"loc":{"start":{"line":44,"column":8},"end":{"line":50,"column":9}},"type":"if","locations":[{"start":{"line":44,"column":8},"end":{"line":50,"column":9}},{"start":{"line":44,"column":8},"end":{"line":50,"column":9}}],"line":44},"1":{"loc":{"start":{"line":54,"column":8},"end":{"line":57,"column":9}},"type":"if","locations":[{"start":{"line":54,"column":8},"end":{"line":57,"column":9}},{"start":{"line":54,"column":8},"end":{"line":57,"column":9}}],"line":54},"2":{"loc":{"start":{"line":97,"column":8},"end":{"line":103,"column":9}},"type":"if","locations":[{"start":{"line":97,"column":8},"end":{"line":103,"column":9}},{"start":{"line":97,"column":8},"end":{"line":103,"column":9}}],"line":97},"3":{"loc":{"start":{"line":104,"column":8},"end":{"line":110,"column":9}},"type":"if","locations":[{"start":{"line":104,"column":8},"end":{"line":110,"column":9}},{"start":{"line":104,"column":8},"end":{"line":110,"column":9}}],"line":104}},"s":{"0":1,"1":1,"2":1,"3":1,"4":1,"5":0,"6":0,"7":0,"8":0,"9":0,"10":0,"11":0,"12":0,"13":1,"14":2,"15":1,"16":0,"17":0,"18":0,"19":0,"20":0,"21":1,"22":1,"23":0,"24":0,"25":0,"26":0,"27":0,"28":0,"29":0,"30":0,"31":0,"32":0,"33":0,"34":1},"f":{"0":1,"1":1,"2":0,"3":0,"4":0,"5":0,"6":1,"7":0,"8":1,"9":0},"b":{"0":[0,0],"1":[0,0],"2":[0,0],"3":[0,0]},"_coverageSchema":"1a1c01bbd47fc00a2c39e90264f33305004495a9","hash":"89532ee56341a069152447bd395221410c029c30"}
,"/home/ivani/projects/ChitChatProject/client/src/components/common/ErrorText/ErrorText.js": {"path":"/home/ivani/projects/ChitChatProject/client/src/components/common/ErrorText/ErrorText.js","statementMap":{"0":{"start":{"line":6,"column":29},"end":{"line":6,"column":51}},"1":{"start":{"line":7,"column":22},"end":{"line":7,"column":66}},"2":{"start":{"line":9,"column":4},"end":{"line":11,"column":5}}},"fnMap":{"0":{"name":"ErrorText","decl":{"start":{"line":5,"column":16},"end":{"line":5,"column":25}},"loc":{"start":{"line":5,"column":33},"end":{"line":12,"column":1}},"line":5}},"branchMap":{"0":{"loc":{"start":{"line":7,"column":22},"end":{"line":7,"column":66}},"type":"cond-expr","locations":[{"start":{"line":7,"column":36},"end":{"line":7,"column":47}},{"start":{"line":7,"column":50},"end":{"line":7,"column":66}}],"line":7}},"s":{"0":2,"1":2,"2":2},"f":{"0":2},"b":{"0":[1,1]},"_coverageSchema":"1a1c01bbd47fc00a2c39e90264f33305004495a9","hash":"e5622505c3ecc979cc1f365f662ae9eb5ae8b8a6"}
}
