TN:
SF:client/src/components/App/App.js
FN:14,App
FNF:1
FNH:1
FNDA:1,App
DA:15,1
LF:1
LH:1
BRF:0
BRH:0
end_of_record
TN:
SF:client/src/components/ChatWindow/ChatWindow.js
FN:3,ChatWindow
FNF:1
FNH:1
FNDA:1,ChatWindow
DA:4,1
LF:1
LH:1
BRF:0
BRH:0
end_of_record
TN:
SF:client/src/components/Home/Home.js
FN:7,Home
FNF:1
FNH:1
FNDA:1,Home
DA:8,1
LF:1
LH:1
BRF:0
BRH:0
end_of_record
TN:
SF:client/src/components/MyProfile/MyProfile.js
FN:3,MyProfile
FNF:1
FNH:1
FNDA:1,MyProfile
DA:4,1
LF:1
LH:1
BRF:0
BRH:0
end_of_record
TN:
SF:client/src/components/PageNavigation/PageNavigation.js
FN:4,PageNavigation
FNF:1
FNH:1
FNDA:1,PageNavigation
DA:5,1
LF:1
LH:1
BRF:0
BRH:0
end_of_record
TN:
SF:client/src/components/Profile/Profile.js
FN:3,Profile
FNF:1
FNH:1
FNDA:1,Profile
DA:4,1
LF:1
LH:1
BRF:0
BRH:0
end_of_record
TN:
SF:client/src/components/ProfileEdit/ProfileEdit.js
FN:3,ProfileEdit
FNF:1
FNH:1
FNDA:1,ProfileEdit
DA:4,1
LF:1
LH:1
BRF:0
BRH:0
end_of_record
TN:
SF:client/src/components/RegisterAccount/RegisterAccount.js
FN:6,RegisterAccount
FNF:1
FNH:1
FNDA:1,RegisterAccount
DA:16,1
DA:18,1
LF:2
LH:2
BRDA:34,0,0,1
BRDA:34,0,1,1
BRDA:47,1,0,1
BRDA:47,1,1,1
BRF:4
BRH:4
end_of_record
TN:
SF:client/src/components/RegisterAccount/hooks.js
FN:4,useAllHooks
FN:32,useManagePasswordMatch
FN:35,checkIfPasswordMatch
FN:39,showError
FN:42,inputRepeatedPassword
FN:52,submitForm
FN:74,useManageFormData
FN:78,onChangeHandler
FN:90,useManageErrors
FN:94,onBirthDateChangeHandler
FNF:10
FNH:1
FNDA:0,useAllHooks
FNDA:1,useManagePasswordMatch
FNDA:0,checkIfPasswordMatch
FNDA:0,showError
FNDA:0,inputRepeatedPassword
FNDA:0,submitForm
FNDA:0,useManageFormData
FNDA:0,onChangeHandler
FNDA:0,useManageErrors
FNDA:0,onBirthDateChangeHandler
DA:8,0
DA:14,0
DA:19,0
DA:21,0
DA:33,1
DA:37,0
DA:40,0
DA:44,0
DA:45,0
DA:49,0
DA:54,0
DA:55,0
DA:56,0
DA:59,1
DA:66,3
DA:76,0
DA:79,0
DA:80,0
DA:81,0
DA:82,0
DA:83,0
DA:86,0
DA:92,0
DA:95,0
DA:96,0
DA:97,0
DA:98,0
DA:102,0
DA:104,0
DA:105,0
DA:109,0
DA:111,0
DA:112,0
DA:113,0
DA:115,0
LF:35
LH:3
BRDA:44,0,0,0
BRDA:44,0,1,0
BRDA:54,1,0,0
BRDA:54,1,1,0
BRDA:97,2,0,0
BRDA:97,2,1,0
BRDA:104,3,0,0
BRDA:104,3,1,0
BRF:8
BRH:0
end_of_record
TN:
SF:client/src/components/common/ErrorText/ErrorText.js
FN:5,ErrorText
FNF:1
FNH:1
FNDA:2,ErrorText
DA:6,2
DA:7,2
DA:9,2
LF:3
LH:3
BRDA:7,0,0,1
BRDA:7,0,1,1
BRF:2
BRH:2
end_of_record
